<?xml version="1.0" encoding="UTF-8"?>
<testsuite xmlns:xsi="http://www.w3.org/2001/XMLSchema-instance" xsi:noNamespaceSchemaLocation="https://maven.apache.org/surefire/maven-surefire-plugin/xsd/surefire-test-report-3.0.xsd" version="3.0" name="edu.anon.cs.ipr.instrument.FooTest" time="0.092" tests="2" errors="0" skipped="1" failures="0">
  <properties>
[...]
</properties>
  <testcase name="test1" classname="edu.anon.cs.ipr.instrument.FooTest" time="0.0">
    <skipped/>
  </testcase>
  <testcase name="test2" classname="edu.anon.cs.ipr.instrument.FooTest" time="0.009">
    <system-out><![CDATA[[Grafter]
hello
]]></system-out>
  </testcase>
</testsuite>